-------------------------------------------------------------------------------
>Log Session: Wednesday, May 9, 2018 12:34:53 PM CEST
>System Info: 
  Product Version         = NetBeans Platform 8.2 (Build 201609300101)
  Operating System        = Windows 10 version 10.0 running on amd64
  Java; VM; Vendor        = 1.8.0_161; Java HotSpot(TM) 64-Bit Server VM 25.161-b12; Oracle Corporation
  Runtime                 = Java(TM) SE Runtime Environment 1.8.0_161-b12
  Java Home               = C:\Program Files\Java\jdk1.8.0_161\jre
  System Locale; Encoding = en_GB (asteroidsnetbeansmodules); Cp1252
  Home Directory          = C:\Users\ZeroXitreo
  Current Directory       = C:\Users\ZeroXitreo\Documents\GitHub\SB4-KOM-F18\AsteroidsNetbeansModules\application\target\asteroidsnetbeansmodules
  User Directory          = C:\Users\ZeroXitreo\Documents\GitHub\SB4-KOM-F18\AsteroidsNetbeansModules\application\target\userdir
  Cache Directory         = C:\Users\ZeroXitreo\Documents\GitHub\SB4-KOM-F18\AsteroidsNetbeansModules\application\target\userdir\var\cache
  Installation            = C:\Users\ZeroXitreo\Documents\GitHub\SB4-KOM-F18\AsteroidsNetbeansModules\application\target\asteroidsnetbeansmodules\asteroidsnetbeansmodules
                            C:\Users\ZeroXitreo\Documents\GitHub\SB4-KOM-F18\AsteroidsNetbeansModules\application\target\asteroidsnetbeansmodules\bin
                            C:\Users\ZeroXitreo\Documents\GitHub\SB4-KOM-F18\AsteroidsNetbeansModules\application\target\asteroidsnetbeansmodules\etc
                            C:\Users\ZeroXitreo\Documents\GitHub\SB4-KOM-F18\AsteroidsNetbeansModules\application\target\asteroidsnetbeansmodules\platform
                            C:\Users\ZeroXitreo\Documents\GitHub\SB4-KOM-F18\AsteroidsNetbeansModules\application\target\asteroidsnetbeansmodules\platform
  Boot & Ext. Classpath   = C:\Program Files\Java\jdk1.8.0_161\jre\lib\resources.jar;C:\Program Files\Java\jdk1.8.0_161\jre\lib\rt.jar;C:\Program Files\Java\jdk1.8.0_161\jre\lib\sunrsasign.jar;C:\Program Files\Java\jdk1.8.0_161\jre\lib\jsse.jar;C:\Program Files\Java\jdk1.8.0_161\jre\lib\jce.jar;C:\Program Files\Java\jdk1.8.0_161\jre\lib\charsets.jar;C:\Program Files\Java\jdk1.8.0_161\jre\lib\jfr.jar;C:\Program Files\Java\jdk1.8.0_161\jre\classes;C:\Program Files\Java\jdk1.8.0_161\jre\lib\ext\access-bridge-64.jar;C:\Program Files\Java\jdk1.8.0_161\jre\lib\ext\cldrdata.jar;C:\Program Files\Java\jdk1.8.0_161\jre\lib\ext\dnsns.jar;C:\Program Files\Java\jdk1.8.0_161\jre\lib\ext\jaccess.jar;C:\Program Files\Java\jdk1.8.0_161\jre\lib\ext\jfxrt.jar;C:\Program Files\Java\jdk1.8.0_161\jre\lib\ext\localedata.jar;C:\Program Files\Java\jdk1.8.0_161\jre\lib\ext\nashorn.jar;C:\Program Files\Java\jdk1.8.0_161\jre\lib\ext\sunec.jar;C:\Program Files\Java\jdk1.8.0_161\jre\lib\ext\sunjce_provider.jar;C:\Program Files\Java\jdk1.8.0_161\jre\lib\ext\sunmscapi.jar;C:\Program Files\Java\jdk1.8.0_161\jre\lib\ext\sunpkcs11.jar;C:\Program Files\Java\jdk1.8.0_161\jre\lib\ext\zipfs.jar
  Application Classpath   = C:\Users\ZeroXitreo\Documents\GitHub\SB4-KOM-F18\AsteroidsNetbeansModules\application\target\asteroidsnetbeansmodules\platform\lib\boot.jar;C:\Users\ZeroXitreo\Documents\GitHub\SB4-KOM-F18\AsteroidsNetbeansModules\application\target\asteroidsnetbeansmodules\platform\lib\org-openide-modules.jar;C:\Users\ZeroXitreo\Documents\GitHub\SB4-KOM-F18\AsteroidsNetbeansModules\application\target\asteroidsnetbeansmodules\platform\lib\org-openide-util-lookup.jar;C:\Users\ZeroXitreo\Documents\GitHub\SB4-KOM-F18\AsteroidsNetbeansModules\application\target\asteroidsnetbeansmodules\platform\lib\org-openide-util-ui.jar;C:\Users\ZeroXitreo\Documents\GitHub\SB4-KOM-F18\AsteroidsNetbeansModules\application\target\asteroidsnetbeansmodules\platform\lib\org-openide-util.jar;C:\Users\ZeroXitreo\Documents\GitHub\SB4-KOM-F18\AsteroidsNetbeansModules\application\target\asteroidsnetbeansmodules\platform\lib\locale\boot_ja.jar;C:\Users\ZeroXitreo\Documents\GitHub\SB4-KOM-F18\AsteroidsNetbeansModules\application\target\asteroidsnetbeansmodules\platform\lib\locale\boot_pt_BR.jar;C:\Users\ZeroXitreo\Documents\GitHub\SB4-KOM-F18\AsteroidsNetbeansModules\application\target\asteroidsnetbeansmodules\platform\lib\locale\boot_ru.jar;C:\Users\ZeroXitreo\Documents\GitHub\SB4-KOM-F18\AsteroidsNetbeansModules\application\target\asteroidsnetbeansmodules\platform\lib\locale\boot_zh_CN.jar;C:\Users\ZeroXitreo\Documents\GitHub\SB4-KOM-F18\AsteroidsNetbeansModules\application\target\asteroidsnetbeansmodules\platform\lib\locale\org-openide-modules_ja.jar;C:\Users\ZeroXitreo\Documents\GitHub\SB4-KOM-F18\AsteroidsNetbeansModules\application\target\asteroidsnetbeansmodules\platform\lib\locale\org-openide-modules_pt_BR.jar;C:\Users\ZeroXitreo\Documents\GitHub\SB4-KOM-F18\AsteroidsNetbeansModules\application\target\asteroidsnetbeansmodules\platform\lib\locale\org-openide-modules_ru.jar;C:\Users\ZeroXitreo\Documents\GitHub\SB4-KOM-F18\AsteroidsNetbeansModules\application\target\asteroidsnetbeansmodules\platform\lib\locale\org-openide-modules_zh_CN.jar;C:\Users\ZeroXitreo\Documents\GitHub\SB4-KOM-F18\AsteroidsNetbeansModules\application\target\asteroidsnetbeansmodules\platform\lib\locale\org-openide-util-lookup_ja.jar;C:\Users\ZeroXitreo\Documents\GitHub\SB4-KOM-F18\AsteroidsNetbeansModules\application\target\asteroidsnetbeansmodules\platform\lib\locale\org-openide-util-lookup_pt_BR.jar;C:\Users\ZeroXitreo\Documents\GitHub\SB4-KOM-F18\AsteroidsNetbeansModules\application\target\asteroidsnetbeansmodules\platform\lib\locale\org-openide-util-lookup_ru.jar;C:\Users\ZeroXitreo\Documents\GitHub\SB4-KOM-F18\AsteroidsNetbeansModules\application\target\asteroidsnetbeansmodules\platform\lib\locale\org-openide-util-lookup_zh_CN.jar;C:\Users\ZeroXitreo\Documents\GitHub\SB4-KOM-F18\AsteroidsNetbeansModules\application\target\asteroidsnetbeansmodules\platform\lib\locale\org-openide-util-ui_ja.jar;C:\Users\ZeroXitreo\Documents\GitHub\SB4-KOM-F18\AsteroidsNetbeansModules\application\target\asteroidsnetbeansmodules\platform\lib\locale\org-openide-util-ui_pt_BR.jar;C:\Users\ZeroXitreo\Documents\GitHub\SB4-KOM-F18\AsteroidsNetbeansModules\application\target\asteroidsnetbeansmodules\platform\lib\locale\org-openide-util-ui_ru.jar;C:\Users\ZeroXitreo\Documents\GitHub\SB4-KOM-F18\AsteroidsNetbeansModules\application\target\asteroidsnetbeansmodules\platform\lib\locale\org-openide-util-ui_zh_CN.jar;C:\Users\ZeroXitreo\Documents\GitHub\SB4-KOM-F18\AsteroidsNetbeansModules\application\target\asteroidsnetbeansmodules\platform\lib\locale\org-openide-util_ja.jar;C:\Users\ZeroXitreo\Documents\GitHub\SB4-KOM-F18\AsteroidsNetbeansModules\application\target\asteroidsnetbeansmodules\platform\lib\locale\org-openide-util_pt_BR.jar;C:\Users\ZeroXitreo\Documents\GitHub\SB4-KOM-F18\AsteroidsNetbeansModules\application\target\asteroidsnetbeansmodules\platform\lib\locale\org-openide-util_ru.jar;C:\Users\ZeroXitreo\Documents\GitHub\SB4-KOM-F18\AsteroidsNetbeansModules\application\target\asteroidsnetbeansmodules\platform\lib\locale\org-openide-util_zh_CN.jar;C:\Program Files\Java\jdk1.8.0_161\lib\dt.jar;C:\Program Files\Java\jdk1.8.0_161\lib\tools.jar
  Startup Classpath       = C:\Users\ZeroXitreo\Documents\GitHub\SB4-KOM-F18\AsteroidsNetbeansModules\application\target\asteroidsnetbeansmodules\platform\core\asm-all-5.0.1.jar;C:\Users\ZeroXitreo\Documents\GitHub\SB4-KOM-F18\AsteroidsNetbeansModules\application\target\asteroidsnetbeansmodules\platform\core\core-base.jar;C:\Users\ZeroXitreo\Documents\GitHub\SB4-KOM-F18\AsteroidsNetbeansModules\application\target\asteroidsnetbeansmodules\platform\core\core.jar;C:\Users\ZeroXitreo\Documents\GitHub\SB4-KOM-F18\AsteroidsNetbeansModules\application\target\asteroidsnetbeansmodules\platform\core\org-netbeans-libs-asm.jar;C:\Users\ZeroXitreo\Documents\GitHub\SB4-KOM-F18\AsteroidsNetbeansModules\application\target\asteroidsnetbeansmodules\platform\core\org-openide-filesystems.jar;C:\Users\ZeroXitreo\Documents\GitHub\SB4-KOM-F18\AsteroidsNetbeansModules\application\target\asteroidsnetbeansmodules\platform\core\locale\core-base_ja.jar;C:\Users\ZeroXitreo\Documents\GitHub\SB4-KOM-F18\AsteroidsNetbeansModules\application\target\asteroidsnetbeansmodules\platform\core\locale\core-base_pt_BR.jar;C:\Users\ZeroXitreo\Documents\GitHub\SB4-KOM-F18\AsteroidsNetbeansModules\application\target\asteroidsnetbeansmodules\platform\core\locale\core-base_ru.jar;C:\Users\ZeroXitreo\Documents\GitHub\SB4-KOM-F18\AsteroidsNetbeansModules\application\target\asteroidsnetbeansmodules\platform\core\locale\core-base_zh_CN.jar;C:\Users\ZeroXitreo\Documents\GitHub\SB4-KOM-F18\AsteroidsNetbeansModules\application\target\asteroidsnetbeansmodules\platform\core\locale\core_ja.jar;C:\Users\ZeroXitreo\Documents\GitHub\SB4-KOM-F18\AsteroidsNetbeansModules\application\target\asteroidsnetbeansmodules\platform\core\locale\core_pt_BR.jar;C:\Users\ZeroXitreo\Documents\GitHub\SB4-KOM-F18\AsteroidsNetbeansModules\application\target\asteroidsnetbeansmodules\platform\core\locale\core_ru.jar;C:\Users\ZeroXitreo\Documents\GitHub\SB4-KOM-F18\AsteroidsNetbeansModules\application\target\asteroidsnetbeansmodules\platform\core\locale\core_zh_CN.jar;C:\Users\ZeroXitreo\Documents\GitHub\SB4-KOM-F18\AsteroidsNetbeansModules\application\target\asteroidsnetbeansmodules\platform\core\locale\org-netbeans-libs-asm_ja.jar;C:\Users\ZeroXitreo\Documents\GitHub\SB4-KOM-F18\AsteroidsNetbeansModules\application\target\asteroidsnetbeansmodules\platform\core\locale\org-netbeans-libs-asm_pt_BR.jar;C:\Users\ZeroXitreo\Documents\GitHub\SB4-KOM-F18\AsteroidsNetbeansModules\application\target\asteroidsnetbeansmodules\platform\core\locale\org-netbeans-libs-asm_ru.jar;C:\Users\ZeroXitreo\Documents\GitHub\SB4-KOM-F18\AsteroidsNetbeansModules\application\target\asteroidsnetbeansmodules\platform\core\locale\org-netbeans-libs-asm_zh_CN.jar;C:\Users\ZeroXitreo\Documents\GitHub\SB4-KOM-F18\AsteroidsNetbeansModules\application\target\asteroidsnetbeansmodules\platform\core\locale\org-openide-filesystems_ja.jar;C:\Users\ZeroXitreo\Documents\GitHub\SB4-KOM-F18\AsteroidsNetbeansModules\application\target\asteroidsnetbeansmodules\platform\core\locale\org-openide-filesystems_pt_BR.jar;C:\Users\ZeroXitreo\Documents\GitHub\SB4-KOM-F18\AsteroidsNetbeansModules\application\target\asteroidsnetbeansmodules\platform\core\locale\org-openide-filesystems_ru.jar;C:\Users\ZeroXitreo\Documents\GitHub\SB4-KOM-F18\AsteroidsNetbeansModules\application\target\asteroidsnetbeansmodules\platform\core\locale\org-openide-filesystems_zh_CN.jar
-------------------------------------------------------------------------------
INFO [org.netbeans.core.startup.NbEvents]: Module patch or custom extension: C:\Users\ZeroXitreo\Documents\GitHub\SB4-KOM-F18\AsteroidsNetbeansModules\application\target\asteroidsnetbeansmodules\..\..\..\SilentUpdate\target\classes
INFO [org.netbeans.core.startup.NbEvents]: Module patch or custom extension: C:\Users\ZeroXitreo\Documents\GitHub\SB4-KOM-F18\AsteroidsNetbeansModules\application\target\asteroidsnetbeansmodules\..\..\..\Common\target\classes
INFO [org.netbeans.core.startup.NbEvents]: Module patch or custom extension: C:\Users\ZeroXitreo\Documents\GitHub\SB4-KOM-F18\AsteroidsNetbeansModules\application\target\asteroidsnetbeansmodules\..\..\..\CommonPlayer\target\classes
INFO [org.netbeans.core.startup.NbEvents]: Module patch or custom extension: C:\Users\ZeroXitreo\Documents\GitHub\SB4-KOM-F18\AsteroidsNetbeansModules\application\target\asteroidsnetbeansmodules\..\..\..\Player\target\classes
INFO [org.netbeans.core.startup.NbEvents]: Module patch or custom extension: C:\Users\ZeroXitreo\Documents\GitHub\SB4-KOM-F18\AsteroidsNetbeansModules\application\target\asteroidsnetbeansmodules\..\..\..\Core\target\classes
INFO [org.netbeans.core.startup.NbEvents]: Module patch or custom extension: C:\Users\ZeroXitreo\Documents\GitHub\SB4-KOM-F18\AsteroidsNetbeansModules\application\target\asteroidsnetbeansmodules\..\..\..\CommonAsteroids\target\classes
INFO [org.netbeans.core.startup.NbEvents]: Module patch or custom extension: C:\Users\ZeroXitreo\Documents\GitHub\SB4-KOM-F18\AsteroidsNetbeansModules\application\target\asteroidsnetbeansmodules\..\..\..\Asteroid\target\classes
INFO [org.netbeans.core.modules]: Using file:/C:/Users/ZeroXitreo/Documents/GitHub/SB4-KOM-F18/AsteroidsNetbeansModules/application/target/asteroidsnetbeansmodules/../../../SilentUpdate/target/classes/org/netbeans/modules/autoupdate/silentupdate/resources/layer.xml as layer for dk.sdu.mmmi.cbse.SilentUpdate not jar:file:/C:/Users/ZeroXitreo/Documents/GitHub/SB4-KOM-F18/AsteroidsNetbeansModules/application/target/asteroidsnetbeansmodules/asteroidsnetbeansmodules/modules/dk-sdu-mmmi-cbse-SilentUpdate.jar!/org/netbeans/modules/autoupdate/silentupdate/resources/layer.xml
INFO [org.netbeans.core.startup.NbEvents]: Turning on modules:
	org.openide.util.lookup [8.33.1 201609300101]
	org.openide.util [9.7.1 201609300101]
	org.openide.util.ui [9.6.1 201609300101]
	org.openide.modules [7.48.1 201609300101]
	org.netbeans.api.annotations.common/1 [1.27.1 201609300101]
	org.openide.filesystems [9.10.1 201609300101]
	org.netbeans.api.intent [1.2.1 201609300101]
	org.netbeans.api.io [1.3.1 201609300101]
	org.openide.io [1.49.1 201609300101]
	org.openide.awt [7.67.1 201609300101]
	org.netbeans.libs.asm [5.3.1 201609300101]
	org.netbeans.bootstrap/1 [2.76.1 201609300101]
	org.netbeans.core.startup.base [1.62.1.1 1 201609300101]
	org.netbeans.core.startup/1 [1.62.1.1 201609300101]
	org.netbeans.libs.osgi [1.21.1 201609300101]
	org.netbeans.core.netigso [1.31.1 201609300101]
	org.netbeans.modules.netbinox [1.41.1 201609300101]
	org.netbeans.api.progress/1 [1.47.1 201609300101]
	org.netbeans.api.progress.nb [1.47.1 201609300101]
	org.netbeans.modules.autoupdate.services [1.52.1 201609300101]
	dk.sdu.mmmi.cbse.SilentUpdate [1.0 1.0-20180509 201805091033]
	dk.sdu.mmmi.cbse.Common [1.0 1.0-20180509 201805091033]
	dk.sdu.mmmi.cbse.CommonPlayer [1.0 1.0-20180509 201805091033]
	dk.sdu.mmmi.cbse.Player [1.0 1.0-20180509 201805091033]
	dk.sdu.mmmi.cbse.Core [1.0 1.0-20180509 201805091033]
	dk.sdu.mmmi.cbse.CommonAsteroids [1.0 1.0-20180509 201805091033]
	dk.sdu.mmmi.cbse.Asteroid [1.0 1.0-20180509 201805091033]
INFO [org.netbeans.modules.autoupdate.silentupdate]: None for update/install/uninstall
INFO [null]: Last record repeated again.
INFO [null]: Last record repeated again.
INFO [org.netbeans.modules.autoupdate.silentupdate]: Uninstall found: Player[dk.sdu.mmmi.cbse.Player/1.0]
Turning off modules...
INFO [org.netbeans.core.startup.NbEvents]: Turning off modules:
	dk.sdu.mmmi.cbse.Player [1.0 1.0-20180509 201805091033]
Turning off modules...done.
INFO [org.netbeans.modules.autoupdate.silentupdate]: Unstall modules done.
INFO [org.netbeans.modules.autoupdate.silentupdate]: Update found: Player[dk.sdu.mmmi.cbse.Player/1.0]
INFO [org.netbeans.updater]: 780: Unpacking dk-sdu-mmmi-cbse-Player.nbm
INFO [org.netbeans.updater]: File installed C:\Users\ZeroXitreo\Documents\GitHub\SB4-KOM-F18\AsteroidsNetbeansModules\application\target\asteroidsnetbeansmodules\asteroidsnetbeansmodules\config\Modules\dk-sdu-mmmi-cbse-Player.xml@0
INFO [org.netbeans.updater]: Copied file C:\Users\ZeroXitreo\Documents\GitHub\SB4-KOM-F18\AsteroidsNetbeansModules\application\target\asteroidsnetbeansmodules\asteroidsnetbeansmodules\update\download\dk-sdu-mmmi-cbse-Player.nbm:netbeans/config/Modules/dk-sdu-mmmi-cbse-Player.xml to C:\Users\ZeroXitreo\Documents\GitHub\SB4-KOM-F18\AsteroidsNetbeansModules\application\target\asteroidsnetbeansmodules\asteroidsnetbeansmodules\config\Modules\dk-sdu-mmmi-cbse-Player.xml
INFO [org.netbeans.updater]: File installed C:\Users\ZeroXitreo\Documents\GitHub\SB4-KOM-F18\AsteroidsNetbeansModules\application\target\asteroidsnetbeansmodules\asteroidsnetbeansmodules\modules\dk-sdu-mmmi-cbse-Player.jar@0
INFO [org.netbeans.updater]: Copied file C:\Users\ZeroXitreo\Documents\GitHub\SB4-KOM-F18\AsteroidsNetbeansModules\application\target\asteroidsnetbeansmodules\asteroidsnetbeansmodules\update\download\dk-sdu-mmmi-cbse-Player.nbm:netbeans/modules/dk-sdu-mmmi-cbse-Player.jar to C:\Users\ZeroXitreo\Documents\GitHub\SB4-KOM-F18\AsteroidsNetbeansModules\application\target\asteroidsnetbeansmodules\asteroidsnetbeansmodules\modules\dk-sdu-mmmi-cbse-Player.jar
INFO [org.netbeans.updater]: File C:\Users\ZeroXitreo\Documents\GitHub\SB4-KOM-F18\AsteroidsNetbeansModules\application\target\asteroidsnetbeansmodules\asteroidsnetbeansmodules\update\download\dk-sdu-mmmi-cbse-Player.nbm deleted.
INFO [org.netbeans.updater]: Use XML Transformer: com.sun.org.apache.xalan.internal.xsltc.trax.TransformerImpl@1de24e5a
INFO [org.netbeans.updater]: File C:\Users\ZeroXitreo\Documents\GitHub\SB4-KOM-F18\AsteroidsNetbeansModules\application\target\asteroidsnetbeansmodules\asteroidsnetbeansmodules\update_tracking\dk-sdu-mmmi-cbse-Player.xml modified.
INFO [org.netbeans.updater]: File installed C:\Users\ZeroXitreo\Documents\GitHub\SB4-KOM-F18\AsteroidsNetbeansModules\application\target\asteroidsnetbeansmodules\asteroidsnetbeansmodules\update_tracking\dk-sdu-mmmi-cbse-Player.xml@0
INFO [org.netbeans.updater]: File C:\Users\ZeroXitreo\Documents\GitHub\SB4-KOM-F18\AsteroidsNetbeansModules\application\target\asteroidsnetbeansmodules\asteroidsnetbeansmodules\update\download\additional_information.xml deleted.
INFO [org.netbeans.core.startup.NbEvents]: Module patch or custom extension: C:\Users\ZeroXitreo\Documents\GitHub\SB4-KOM-F18\AsteroidsNetbeansModules\application\target\asteroidsnetbeansmodules\..\..\..\Player\target\classes
INFO [org.netbeans.core.startup.NbEvents]: Turning on modules:
	dk.sdu.mmmi.cbse.Player [1.0 1.0-20180509 201805091033]
INFO [org.netbeans.modules.autoupdate.silentupdate]: Install new modules done.
Turning on modules...
Loading module services...
Loading modules...
Turning on modules...done.
INFO [org.netbeans.modules.autoupdate.silentupdate]: None for update/install/uninstall
