-------------------------------------------------------------------------------
>Log Session: Wednesday, May 9, 2018 12:00:46 PM CEST
>System Info: 
  Product Version         = NetBeans Platform 8.2 (Build 201609300101)
  Operating System        = Windows 10 version 10.0 running on amd64
  Java; VM; Vendor        = 1.8.0_161; Java HotSpot(TM) 64-Bit Server VM 25.161-b12; Oracle Corporation
  Runtime                 = Java(TM) SE Runtime Environment 1.8.0_161-b12
  Java Home               = C:\Program Files\Java\jdk1.8.0_161\jre
  System Locale; Encoding = en_GB (asteroidsnetbeansmodules); Cp1252
  Home Directory          = C:\Users\ZeroXitreo
  Current Directory       = C:\Users\ZeroXitreo\Documents\GitHub\SB4-KOM-F18\AsteroidsNetbeansModulesSpring\application\target\asteroidsnetbeansmodules
  User Directory          = C:\Users\ZeroXitreo\Documents\GitHub\SB4-KOM-F18\AsteroidsNetbeansModulesSpring\application\target\userdir
  Cache Directory         = C:\Users\ZeroXitreo\Documents\GitHub\SB4-KOM-F18\AsteroidsNetbeansModulesSpring\application\target\userdir\var\cache
  Installation            = C:\Users\ZeroXitreo\Documents\GitHub\SB4-KOM-F18\AsteroidsNetbeansModulesSpring\application\target\asteroidsnetbeansmodules\asteroidsnetbeansmodules
                            C:\Users\ZeroXitreo\Documents\GitHub\SB4-KOM-F18\AsteroidsNetbeansModulesSpring\application\target\asteroidsnetbeansmodules\bin
                            C:\Users\ZeroXitreo\Documents\GitHub\SB4-KOM-F18\AsteroidsNetbeansModulesSpring\application\target\asteroidsnetbeansmodules\etc
                            C:\Users\ZeroXitreo\Documents\GitHub\SB4-KOM-F18\AsteroidsNetbeansModulesSpring\application\target\asteroidsnetbeansmodules\platform
                            C:\Users\ZeroXitreo\Documents\GitHub\SB4-KOM-F18\AsteroidsNetbeansModulesSpring\application\target\asteroidsnetbeansmodules\platform
  Boot & Ext. Classpath   = C:\Program Files\Java\jdk1.8.0_161\jre\lib\resources.jar;C:\Program Files\Java\jdk1.8.0_161\jre\lib\rt.jar;C:\Program Files\Java\jdk1.8.0_161\jre\lib\sunrsasign.jar;C:\Program Files\Java\jdk1.8.0_161\jre\lib\jsse.jar;C:\Program Files\Java\jdk1.8.0_161\jre\lib\jce.jar;C:\Program Files\Java\jdk1.8.0_161\jre\lib\charsets.jar;C:\Program Files\Java\jdk1.8.0_161\jre\lib\jfr.jar;C:\Program Files\Java\jdk1.8.0_161\jre\classes;C:\Program Files\Java\jdk1.8.0_161\jre\lib\ext\access-bridge-64.jar;C:\Program Files\Java\jdk1.8.0_161\jre\lib\ext\cldrdata.jar;C:\Program Files\Java\jdk1.8.0_161\jre\lib\ext\dnsns.jar;C:\Program Files\Java\jdk1.8.0_161\jre\lib\ext\jaccess.jar;C:\Program Files\Java\jdk1.8.0_161\jre\lib\ext\jfxrt.jar;C:\Program Files\Java\jdk1.8.0_161\jre\lib\ext\localedata.jar;C:\Program Files\Java\jdk1.8.0_161\jre\lib\ext\nashorn.jar;C:\Program Files\Java\jdk1.8.0_161\jre\lib\ext\sunec.jar;C:\Program Files\Java\jdk1.8.0_161\jre\lib\ext\sunjce_provider.jar;C:\Program Files\Java\jdk1.8.0_161\jre\lib\ext\sunmscapi.jar;C:\Program Files\Java\jdk1.8.0_161\jre\lib\ext\sunpkcs11.jar;C:\Program Files\Java\jdk1.8.0_161\jre\lib\ext\zipfs.jar
  Application Classpath   = C:\Users\ZeroXitreo\Documents\GitHub\SB4-KOM-F18\AsteroidsNetbeansModulesSpring\application\target\asteroidsnetbeansmodules\platform\lib\boot.jar;C:\Users\ZeroXitreo\Documents\GitHub\SB4-KOM-F18\AsteroidsNetbeansModulesSpring\application\target\asteroidsnetbeansmodules\platform\lib\org-openide-modules.jar;C:\Users\ZeroXitreo\Documents\GitHub\SB4-KOM-F18\AsteroidsNetbeansModulesSpring\application\target\asteroidsnetbeansmodules\platform\lib\org-openide-util-lookup.jar;C:\Users\ZeroXitreo\Documents\GitHub\SB4-KOM-F18\AsteroidsNetbeansModulesSpring\application\target\asteroidsnetbeansmodules\platform\lib\org-openide-util-ui.jar;C:\Users\ZeroXitreo\Documents\GitHub\SB4-KOM-F18\AsteroidsNetbeansModulesSpring\application\target\asteroidsnetbeansmodules\platform\lib\org-openide-util.jar;C:\Users\ZeroXitreo\Documents\GitHub\SB4-KOM-F18\AsteroidsNetbeansModulesSpring\application\target\asteroidsnetbeansmodules\platform\lib\locale\boot_ja.jar;C:\Users\ZeroXitreo\Documents\GitHub\SB4-KOM-F18\AsteroidsNetbeansModulesSpring\application\target\asteroidsnetbeansmodules\platform\lib\locale\boot_pt_BR.jar;C:\Users\ZeroXitreo\Documents\GitHub\SB4-KOM-F18\AsteroidsNetbeansModulesSpring\application\target\asteroidsnetbeansmodules\platform\lib\locale\boot_ru.jar;C:\Users\ZeroXitreo\Documents\GitHub\SB4-KOM-F18\AsteroidsNetbeansModulesSpring\application\target\asteroidsnetbeansmodules\platform\lib\locale\boot_zh_CN.jar;C:\Users\ZeroXitreo\Documents\GitHub\SB4-KOM-F18\AsteroidsNetbeansModulesSpring\application\target\asteroidsnetbeansmodules\platform\lib\locale\org-openide-modules_ja.jar;C:\Users\ZeroXitreo\Documents\GitHub\SB4-KOM-F18\AsteroidsNetbeansModulesSpring\application\target\asteroidsnetbeansmodules\platform\lib\locale\org-openide-modules_pt_BR.jar;C:\Users\ZeroXitreo\Documents\GitHub\SB4-KOM-F18\AsteroidsNetbeansModulesSpring\application\target\asteroidsnetbeansmodules\platform\lib\locale\org-openide-modules_ru.jar;C:\Users\ZeroXitreo\Documents\GitHub\SB4-KOM-F18\AsteroidsNetbeansModulesSpring\application\target\asteroidsnetbeansmodules\platform\lib\locale\org-openide-modules_zh_CN.jar;C:\Users\ZeroXitreo\Documents\GitHub\SB4-KOM-F18\AsteroidsNetbeansModulesSpring\application\target\asteroidsnetbeansmodules\platform\lib\locale\org-openide-util-lookup_ja.jar;C:\Users\ZeroXitreo\Documents\GitHub\SB4-KOM-F18\AsteroidsNetbeansModulesSpring\application\target\asteroidsnetbeansmodules\platform\lib\locale\org-openide-util-lookup_pt_BR.jar;C:\Users\ZeroXitreo\Documents\GitHub\SB4-KOM-F18\AsteroidsNetbeansModulesSpring\application\target\asteroidsnetbeansmodules\platform\lib\locale\org-openide-util-lookup_ru.jar;C:\Users\ZeroXitreo\Documents\GitHub\SB4-KOM-F18\AsteroidsNetbeansModulesSpring\application\target\asteroidsnetbeansmodules\platform\lib\locale\org-openide-util-lookup_zh_CN.jar;C:\Users\ZeroXitreo\Documents\GitHub\SB4-KOM-F18\AsteroidsNetbeansModulesSpring\application\target\asteroidsnetbeansmodules\platform\lib\locale\org-openide-util-ui_ja.jar;C:\Users\ZeroXitreo\Documents\GitHub\SB4-KOM-F18\AsteroidsNetbeansModulesSpring\application\target\asteroidsnetbeansmodules\platform\lib\locale\org-openide-util-ui_pt_BR.jar;C:\Users\ZeroXitreo\Documents\GitHub\SB4-KOM-F18\AsteroidsNetbeansModulesSpring\application\target\asteroidsnetbeansmodules\platform\lib\locale\org-openide-util-ui_ru.jar;C:\Users\ZeroXitreo\Documents\GitHub\SB4-KOM-F18\AsteroidsNetbeansModulesSpring\application\target\asteroidsnetbeansmodules\platform\lib\locale\org-openide-util-ui_zh_CN.jar;C:\Users\ZeroXitreo\Documents\GitHub\SB4-KOM-F18\AsteroidsNetbeansModulesSpring\application\target\asteroidsnetbeansmodules\platform\lib\locale\org-openide-util_ja.jar;C:\Users\ZeroXitreo\Documents\GitHub\SB4-KOM-F18\AsteroidsNetbeansModulesSpring\application\target\asteroidsnetbeansmodules\platform\lib\locale\org-openide-util_pt_BR.jar;C:\Users\ZeroXitreo\Documents\GitHub\SB4-KOM-F18\AsteroidsNetbeansModulesSpring\application\target\asteroidsnetbeansmodules\platform\lib\locale\org-openide-util_ru.jar;C:\Users\ZeroXitreo\Documents\GitHub\SB4-KOM-F18\AsteroidsNetbeansModulesSpring\application\target\asteroidsnetbeansmodules\platform\lib\locale\org-openide-util_zh_CN.jar;C:\Program Files\Java\jdk1.8.0_161\lib\dt.jar;C:\Program Files\Java\jdk1.8.0_161\lib\tools.jar
  Startup Classpath       = C:\Users\ZeroXitreo\Documents\GitHub\SB4-KOM-F18\AsteroidsNetbeansModulesSpring\application\target\asteroidsnetbeansmodules\platform\core\asm-all-5.0.1.jar;C:\Users\ZeroXitreo\Documents\GitHub\SB4-KOM-F18\AsteroidsNetbeansModulesSpring\application\target\asteroidsnetbeansmodules\platform\core\core-base.jar;C:\Users\ZeroXitreo\Documents\GitHub\SB4-KOM-F18\AsteroidsNetbeansModulesSpring\application\target\asteroidsnetbeansmodules\platform\core\core.jar;C:\Users\ZeroXitreo\Documents\GitHub\SB4-KOM-F18\AsteroidsNetbeansModulesSpring\application\target\asteroidsnetbeansmodules\platform\core\org-netbeans-libs-asm.jar;C:\Users\ZeroXitreo\Documents\GitHub\SB4-KOM-F18\AsteroidsNetbeansModulesSpring\application\target\asteroidsnetbeansmodules\platform\core\org-openide-filesystems.jar;C:\Users\ZeroXitreo\Documents\GitHub\SB4-KOM-F18\AsteroidsNetbeansModulesSpring\application\target\asteroidsnetbeansmodules\platform\core\locale\core-base_ja.jar;C:\Users\ZeroXitreo\Documents\GitHub\SB4-KOM-F18\AsteroidsNetbeansModulesSpring\application\target\asteroidsnetbeansmodules\platform\core\locale\core-base_pt_BR.jar;C:\Users\ZeroXitreo\Documents\GitHub\SB4-KOM-F18\AsteroidsNetbeansModulesSpring\application\target\asteroidsnetbeansmodules\platform\core\locale\core-base_ru.jar;C:\Users\ZeroXitreo\Documents\GitHub\SB4-KOM-F18\AsteroidsNetbeansModulesSpring\application\target\asteroidsnetbeansmodules\platform\core\locale\core-base_zh_CN.jar;C:\Users\ZeroXitreo\Documents\GitHub\SB4-KOM-F18\AsteroidsNetbeansModulesSpring\application\target\asteroidsnetbeansmodules\platform\core\locale\core_ja.jar;C:\Users\ZeroXitreo\Documents\GitHub\SB4-KOM-F18\AsteroidsNetbeansModulesSpring\application\target\asteroidsnetbeansmodules\platform\core\locale\core_pt_BR.jar;C:\Users\ZeroXitreo\Documents\GitHub\SB4-KOM-F18\AsteroidsNetbeansModulesSpring\application\target\asteroidsnetbeansmodules\platform\core\locale\core_ru.jar;C:\Users\ZeroXitreo\Documents\GitHub\SB4-KOM-F18\AsteroidsNetbeansModulesSpring\application\target\asteroidsnetbeansmodules\platform\core\locale\core_zh_CN.jar;C:\Users\ZeroXitreo\Documents\GitHub\SB4-KOM-F18\AsteroidsNetbeansModulesSpring\application\target\asteroidsnetbeansmodules\platform\core\locale\org-netbeans-libs-asm_ja.jar;C:\Users\ZeroXitreo\Documents\GitHub\SB4-KOM-F18\AsteroidsNetbeansModulesSpring\application\target\asteroidsnetbeansmodules\platform\core\locale\org-netbeans-libs-asm_pt_BR.jar;C:\Users\ZeroXitreo\Documents\GitHub\SB4-KOM-F18\AsteroidsNetbeansModulesSpring\application\target\asteroidsnetbeansmodules\platform\core\locale\org-netbeans-libs-asm_ru.jar;C:\Users\ZeroXitreo\Documents\GitHub\SB4-KOM-F18\AsteroidsNetbeansModulesSpring\application\target\asteroidsnetbeansmodules\platform\core\locale\org-netbeans-libs-asm_zh_CN.jar;C:\Users\ZeroXitreo\Documents\GitHub\SB4-KOM-F18\AsteroidsNetbeansModulesSpring\application\target\asteroidsnetbeansmodules\platform\core\locale\org-openide-filesystems_ja.jar;C:\Users\ZeroXitreo\Documents\GitHub\SB4-KOM-F18\AsteroidsNetbeansModulesSpring\application\target\asteroidsnetbeansmodules\platform\core\locale\org-openide-filesystems_pt_BR.jar;C:\Users\ZeroXitreo\Documents\GitHub\SB4-KOM-F18\AsteroidsNetbeansModulesSpring\application\target\asteroidsnetbeansmodules\platform\core\locale\org-openide-filesystems_ru.jar;C:\Users\ZeroXitreo\Documents\GitHub\SB4-KOM-F18\AsteroidsNetbeansModulesSpring\application\target\asteroidsnetbeansmodules\platform\core\locale\org-openide-filesystems_zh_CN.jar
-------------------------------------------------------------------------------
INFO [org.netbeans.core.startup.NbEvents]: Module patch or custom extension: C:\Users\ZeroXitreo\Documents\GitHub\SB4-KOM-F18\AsteroidsNetbeansModulesSpring\application\target\asteroidsnetbeansmodules\..\..\..\Spring\target\classes
INFO [org.netbeans.core.startup.NbEvents]: Module patch or custom extension: C:\Users\ZeroXitreo\Documents\GitHub\SB4-KOM-F18\AsteroidsNetbeansModulesSpring\application\target\asteroidsnetbeansmodules\..\..\..\Common\target\classes
INFO [org.netbeans.core.startup.NbEvents]: Module patch or custom extension: C:\Users\ZeroXitreo\Documents\GitHub\SB4-KOM-F18\AsteroidsNetbeansModulesSpring\application\target\asteroidsnetbeansmodules\..\..\..\CommonPlayer\target\classes
INFO [org.netbeans.core.startup.NbEvents]: Module patch or custom extension: C:\Users\ZeroXitreo\Documents\GitHub\SB4-KOM-F18\AsteroidsNetbeansModulesSpring\application\target\asteroidsnetbeansmodules\..\..\..\Player\target\classes
INFO [org.netbeans.core.startup.NbEvents]: Module patch or custom extension: C:\Users\ZeroXitreo\Documents\GitHub\SB4-KOM-F18\AsteroidsNetbeansModulesSpring\application\target\asteroidsnetbeansmodules\..\..\..\CommonBullet\target\classes
INFO [org.netbeans.core.startup.NbEvents]: Module patch or custom extension: C:\Users\ZeroXitreo\Documents\GitHub\SB4-KOM-F18\AsteroidsNetbeansModulesSpring\application\target\asteroidsnetbeansmodules\..\..\..\Laser\target\classes
INFO [org.netbeans.core.startup.NbEvents]: Module patch or custom extension: C:\Users\ZeroXitreo\Documents\GitHub\SB4-KOM-F18\AsteroidsNetbeansModulesSpring\application\target\asteroidsnetbeansmodules\..\..\..\CommonEnemy\target\classes
INFO [org.netbeans.core.startup.NbEvents]: Module patch or custom extension: C:\Users\ZeroXitreo\Documents\GitHub\SB4-KOM-F18\AsteroidsNetbeansModulesSpring\application\target\asteroidsnetbeansmodules\..\..\..\Enemy\target\classes
INFO [org.netbeans.core.startup.NbEvents]: Module patch or custom extension: C:\Users\ZeroXitreo\Documents\GitHub\SB4-KOM-F18\AsteroidsNetbeansModulesSpring\application\target\asteroidsnetbeansmodules\..\..\..\Core\target\classes
INFO [org.netbeans.core.startup.NbEvents]: Module patch or custom extension: C:\Users\ZeroXitreo\Documents\GitHub\SB4-KOM-F18\AsteroidsNetbeansModulesSpring\application\target\asteroidsnetbeansmodules\..\..\..\CommonAsteroids\target\classes
INFO [org.netbeans.core.startup.NbEvents]: Module patch or custom extension: C:\Users\ZeroXitreo\Documents\GitHub\SB4-KOM-F18\AsteroidsNetbeansModulesSpring\application\target\asteroidsnetbeansmodules\..\..\..\Asteroid\target\classes
INFO [org.netbeans.core.startup.NbEvents]: Turning on modules:
	org.openide.util.lookup [8.33.1 201609300101]
	org.openide.util [9.7.1 201609300101]
	org.openide.util.ui [9.6.1 201609300101]
	org.openide.modules [7.48.1 201609300101]
	org.openide.filesystems [9.10.1 201609300101]
	org.netbeans.libs.asm [5.3.1 201609300101]
	org.netbeans.bootstrap/1 [2.76.1 201609300101]
	org.netbeans.core.startup.base [1.62.1.1 1 201609300101]
	org.netbeans.core.startup/1 [1.62.1.1 201609300101]
	org.netbeans.libs.osgi [1.21.1 201609300101]
	org.netbeans.core.netigso [1.31.1 201609300101]
	org.netbeans.modules.netbinox [1.41.1 201609300101]
	org.netbeans.api.annotations.common/1 [1.27.1 201609300101]
	dk.sdu.mmmi.cbse.Spring [1.0 1.0-20180509 201805090941]
	dk.sdu.mmmi.cbse.Common [1.0 1.0-20180509 201805090957]
	dk.sdu.mmmi.cbse.CommonPlayer [1.0 1.0-20180509 201805090957]
	dk.sdu.mmmi.cbse.Player [1.0 1.0-20180509 201805090957]
	dk.sdu.mmmi.cbse.CommonBullet [1.0 1.0-20180509 201805090957]
	dk.sdu.mmmi.cbse.Laser [1.0 1.0-20180509 201805090957]
	dk.sdu.mmmi.cbse.CommonEnemy [1.0 1.0-20180509 201805090957]
	dk.sdu.mmmi.cbse.Enemy [1.0 1.0-20180509 201805090958]
	dk.sdu.mmmi.cbse.Core [1.0 1.0-20180509 201805090957]
	dk.sdu.mmmi.cbse.CommonAsteroids [1.0 1.0-20180509 201805090957]
	dk.sdu.mmmi.cbse.Asteroid [1.0 1.0-20180509 201805090957]
INFO [org.springframework.context.support.ClassPathXmlApplicationContext]: Refreshing org.springframework.context.support.ClassPathXmlApplicationContext@1b3aa0c0: startup date [Wed May 09 12:00:47 CEST 2018]; root of context hierarchy
INFO [org.springframework.beans.factory.xml.XmlBeanDefinitionReader]: Loading XML bean definitions from class path resource [Bean.xml]
